CRITICAL - 2025-04-27 16:19:33 --> ErrorException: Undefined variable $productos
[Method: GET, Route: compras]
in APPPATH\Views\compras.php on line 5.
 1 APPPATH\Views\compras.php(5): CodeIgniter\Debug\Exceptions->errorHandler(2, 'Undefined variable $productos', 'C:\\xampp\\htdocs\\sergioedgarv\\app\\Views\\compras.php', 5)
 2 SYSTEMPATH\View\View.php(224): include('C:\\xampp\\htdocs\\sergioedgarv\\app\\Views\\compras.php')
 3 SYSTEMPATH\View\View.php(227): CodeIgniter\View\View->CodeIgniter\View\{closure}()
 4 SYSTEMPATH\Common.php(1173): CodeIgniter\View\View->render('compras', [], true)
 5 APPPATH\Controllers\Compras.php(7): view('compras')
 6 SYSTEMPATH\CodeIgniter.php(933): App\Controllers\Compras->index()
 7 SYSTEMPATH\CodeIgniter.php(507): CodeIgniter\CodeIgniter->runController(Object(App\Controllers\Compras))
 8 SYSTEMPATH\CodeIgniter.php(354): CodeIgniter\CodeIgniter->handleRequest(null, Object(Config\Cache), false)
 9 SYSTEMPATH\Boot.php(334): CodeIgniter\CodeIgniter->run()
10 SYSTEMPATH\Boot.php(67): CodeIgniter\Boot::runCodeIgniter(Object(CodeIgniter\CodeIgniter))
11 FCPATH\index.php(56): CodeIgniter\Boot::bootWeb(Object(Config\Paths))
CRITICAL - 2025-04-27 16:19:35 --> ErrorException: Undefined variable $productos
[Method: GET, Route: compras]
in APPPATH\Views\compras.php on line 5.
 1 APPPATH\Views\compras.php(5): CodeIgniter\Debug\Exceptions->errorHandler(2, 'Undefined variable $productos', 'C:\\xampp\\htdocs\\sergioedgarv\\app\\Views\\compras.php', 5)
 2 SYSTEMPATH\View\View.php(224): include('C:\\xampp\\htdocs\\sergioedgarv\\app\\Views\\compras.php')
 3 SYSTEMPATH\View\View.php(227): CodeIgniter\View\View->CodeIgniter\View\{closure}()
 4 SYSTEMPATH\Common.php(1173): CodeIgniter\View\View->render('compras', [], true)
 5 APPPATH\Controllers\Compras.php(7): view('compras')
 6 SYSTEMPATH\CodeIgniter.php(933): App\Controllers\Compras->index()
 7 SYSTEMPATH\CodeIgniter.php(507): CodeIgniter\CodeIgniter->runController(Object(App\Controllers\Compras))
 8 SYSTEMPATH\CodeIgniter.php(354): CodeIgniter\CodeIgniter->handleRequest(null, Object(Config\Cache), false)
 9 SYSTEMPATH\Boot.php(334): CodeIgniter\CodeIgniter->run()
10 SYSTEMPATH\Boot.php(67): CodeIgniter\Boot::runCodeIgniter(Object(CodeIgniter\CodeIgniter))
11 FCPATH\index.php(56): CodeIgniter\Boot::bootWeb(Object(Config\Paths))
CRITICAL - 2025-04-27 16:19:56 --> ErrorException: Undefined variable $productos
[Method: GET, Route: compras]
in APPPATH\Views\compras.php on line 5.
 1 APPPATH\Views\compras.php(5): CodeIgniter\Debug\Exceptions->errorHandler(2, 'Undefined variable $productos', 'C:\\xampp\\htdocs\\sergioedgarv\\app\\Views\\compras.php', 5)
 2 SYSTEMPATH\View\View.php(224): include('C:\\xampp\\htdocs\\sergioedgarv\\app\\Views\\compras.php')
 3 SYSTEMPATH\View\View.php(227): CodeIgniter\View\View->CodeIgniter\View\{closure}()
 4 SYSTEMPATH\Common.php(1173): CodeIgniter\View\View->render('compras', [], true)
 5 APPPATH\Controllers\Compras.php(7): view('compras')
 6 SYSTEMPATH\CodeIgniter.php(933): App\Controllers\Compras->index()
 7 SYSTEMPATH\CodeIgniter.php(507): CodeIgniter\CodeIgniter->runController(Object(App\Controllers\Compras))
 8 SYSTEMPATH\CodeIgniter.php(354): CodeIgniter\CodeIgniter->handleRequest(null, Object(Config\Cache), false)
 9 SYSTEMPATH\Boot.php(334): CodeIgniter\CodeIgniter->run()
10 SYSTEMPATH\Boot.php(67): CodeIgniter\Boot::runCodeIgniter(Object(CodeIgniter\CodeIgniter))
11 FCPATH\index.php(56): CodeIgniter\Boot::bootWeb(Object(Config\Paths))
CRITICAL - 2025-04-27 16:20:01 --> ErrorException: Undefined variable $productos
[Method: GET, Route: compras]
in APPPATH\Views\compras.php on line 5.
 1 APPPATH\Views\compras.php(5): CodeIgniter\Debug\Exceptions->errorHandler(2, 'Undefined variable $productos', 'C:\\xampp\\htdocs\\sergioedgarv\\app\\Views\\compras.php', 5)
 2 SYSTEMPATH\View\View.php(224): include('C:\\xampp\\htdocs\\sergioedgarv\\app\\Views\\compras.php')
 3 SYSTEMPATH\View\View.php(227): CodeIgniter\View\View->CodeIgniter\View\{closure}()
 4 SYSTEMPATH\Common.php(1173): CodeIgniter\View\View->render('compras', [], true)
 5 APPPATH\Controllers\Compras.php(7): view('compras')
 6 SYSTEMPATH\CodeIgniter.php(933): App\Controllers\Compras->index()
 7 SYSTEMPATH\CodeIgniter.php(507): CodeIgniter\CodeIgniter->runController(Object(App\Controllers\Compras))
 8 SYSTEMPATH\CodeIgniter.php(354): CodeIgniter\CodeIgniter->handleRequest(null, Object(Config\Cache), false)
 9 SYSTEMPATH\Boot.php(334): CodeIgniter\CodeIgniter->run()
10 SYSTEMPATH\Boot.php(67): CodeIgniter\Boot::runCodeIgniter(Object(CodeIgniter\CodeIgniter))
11 FCPATH\index.php(56): CodeIgniter\Boot::bootWeb(Object(Config\Paths))
CRITICAL - 2025-04-27 16:20:02 --> ErrorException: Undefined variable $productos
[Method: GET, Route: compras]
in APPPATH\Views\compras.php on line 5.
 1 APPPATH\Views\compras.php(5): CodeIgniter\Debug\Exceptions->errorHandler(2, 'Undefined variable $productos', 'C:\\xampp\\htdocs\\sergioedgarv\\app\\Views\\compras.php', 5)
 2 SYSTEMPATH\View\View.php(224): include('C:\\xampp\\htdocs\\sergioedgarv\\app\\Views\\compras.php')
 3 SYSTEMPATH\View\View.php(227): CodeIgniter\View\View->CodeIgniter\View\{closure}()
 4 SYSTEMPATH\Common.php(1173): CodeIgniter\View\View->render('compras', [], true)
 5 APPPATH\Controllers\Compras.php(7): view('compras')
 6 SYSTEMPATH\CodeIgniter.php(933): App\Controllers\Compras->index()
 7 SYSTEMPATH\CodeIgniter.php(507): CodeIgniter\CodeIgniter->runController(Object(App\Controllers\Compras))
 8 SYSTEMPATH\CodeIgniter.php(354): CodeIgniter\CodeIgniter->handleRequest(null, Object(Config\Cache), false)
 9 SYSTEMPATH\Boot.php(334): CodeIgniter\CodeIgniter->run()
10 SYSTEMPATH\Boot.php(67): CodeIgniter\Boot::runCodeIgniter(Object(CodeIgniter\CodeIgniter))
11 FCPATH\index.php(56): CodeIgniter\Boot::bootWeb(Object(Config\Paths))
CRITICAL - 2025-04-27 16:20:03 --> ErrorException: Undefined variable $productos
[Method: GET, Route: compras]
in APPPATH\Views\compras.php on line 5.
 1 APPPATH\Views\compras.php(5): CodeIgniter\Debug\Exceptions->errorHandler(2, 'Undefined variable $productos', 'C:\\xampp\\htdocs\\sergioedgarv\\app\\Views\\compras.php', 5)
 2 SYSTEMPATH\View\View.php(224): include('C:\\xampp\\htdocs\\sergioedgarv\\app\\Views\\compras.php')
 3 SYSTEMPATH\View\View.php(227): CodeIgniter\View\View->CodeIgniter\View\{closure}()
 4 SYSTEMPATH\Common.php(1173): CodeIgniter\View\View->render('compras', [], true)
 5 APPPATH\Controllers\Compras.php(7): view('compras')
 6 SYSTEMPATH\CodeIgniter.php(933): App\Controllers\Compras->index()
 7 SYSTEMPATH\CodeIgniter.php(507): CodeIgniter\CodeIgniter->runController(Object(App\Controllers\Compras))
 8 SYSTEMPATH\CodeIgniter.php(354): CodeIgniter\CodeIgniter->handleRequest(null, Object(Config\Cache), false)
 9 SYSTEMPATH\Boot.php(334): CodeIgniter\CodeIgniter->run()
10 SYSTEMPATH\Boot.php(67): CodeIgniter\Boot::runCodeIgniter(Object(CodeIgniter\CodeIgniter))
11 FCPATH\index.php(56): CodeIgniter\Boot::bootWeb(Object(Config\Paths))
CRITICAL - 2025-04-27 16:20:03 --> ErrorException: Undefined variable $productos
[Method: GET, Route: compras]
in APPPATH\Views\compras.php on line 5.
 1 APPPATH\Views\compras.php(5): CodeIgniter\Debug\Exceptions->errorHandler(2, 'Undefined variable $productos', 'C:\\xampp\\htdocs\\sergioedgarv\\app\\Views\\compras.php', 5)
 2 SYSTEMPATH\View\View.php(224): include('C:\\xampp\\htdocs\\sergioedgarv\\app\\Views\\compras.php')
 3 SYSTEMPATH\View\View.php(227): CodeIgniter\View\View->CodeIgniter\View\{closure}()
 4 SYSTEMPATH\Common.php(1173): CodeIgniter\View\View->render('compras', [], true)
 5 APPPATH\Controllers\Compras.php(7): view('compras')
 6 SYSTEMPATH\CodeIgniter.php(933): App\Controllers\Compras->index()
 7 SYSTEMPATH\CodeIgniter.php(507): CodeIgniter\CodeIgniter->runController(Object(App\Controllers\Compras))
 8 SYSTEMPATH\CodeIgniter.php(354): CodeIgniter\CodeIgniter->handleRequest(null, Object(Config\Cache), false)
 9 SYSTEMPATH\Boot.php(334): CodeIgniter\CodeIgniter->run()
10 SYSTEMPATH\Boot.php(67): CodeIgniter\Boot::runCodeIgniter(Object(CodeIgniter\CodeIgniter))
11 FCPATH\index.php(56): CodeIgniter\Boot::bootWeb(Object(Config\Paths))
CRITICAL - 2025-04-27 16:20:04 --> ErrorException: Undefined variable $productos
[Method: GET, Route: compras]
in APPPATH\Views\compras.php on line 5.
 1 APPPATH\Views\compras.php(5): CodeIgniter\Debug\Exceptions->errorHandler(2, 'Undefined variable $productos', 'C:\\xampp\\htdocs\\sergioedgarv\\app\\Views\\compras.php', 5)
 2 SYSTEMPATH\View\View.php(224): include('C:\\xampp\\htdocs\\sergioedgarv\\app\\Views\\compras.php')
 3 SYSTEMPATH\View\View.php(227): CodeIgniter\View\View->CodeIgniter\View\{closure}()
 4 SYSTEMPATH\Common.php(1173): CodeIgniter\View\View->render('compras', [], true)
 5 APPPATH\Controllers\Compras.php(7): view('compras')
 6 SYSTEMPATH\CodeIgniter.php(933): App\Controllers\Compras->index()
 7 SYSTEMPATH\CodeIgniter.php(507): CodeIgniter\CodeIgniter->runController(Object(App\Controllers\Compras))
 8 SYSTEMPATH\CodeIgniter.php(354): CodeIgniter\CodeIgniter->handleRequest(null, Object(Config\Cache), false)
 9 SYSTEMPATH\Boot.php(334): CodeIgniter\CodeIgniter->run()
10 SYSTEMPATH\Boot.php(67): CodeIgniter\Boot::runCodeIgniter(Object(CodeIgniter\CodeIgniter))
11 FCPATH\index.php(56): CodeIgniter\Boot::bootWeb(Object(Config\Paths))
CRITICAL - 2025-04-27 16:20:05 --> ErrorException: Undefined variable $productos
[Method: GET, Route: compras]
in APPPATH\Views\compras.php on line 5.
 1 APPPATH\Views\compras.php(5): CodeIgniter\Debug\Exceptions->errorHandler(2, 'Undefined variable $productos', 'C:\\xampp\\htdocs\\sergioedgarv\\app\\Views\\compras.php', 5)
 2 SYSTEMPATH\View\View.php(224): include('C:\\xampp\\htdocs\\sergioedgarv\\app\\Views\\compras.php')
 3 SYSTEMPATH\View\View.php(227): CodeIgniter\View\View->CodeIgniter\View\{closure}()
 4 SYSTEMPATH\Common.php(1173): CodeIgniter\View\View->render('compras', [], true)
 5 APPPATH\Controllers\Compras.php(7): view('compras')
 6 SYSTEMPATH\CodeIgniter.php(933): App\Controllers\Compras->index()
 7 SYSTEMPATH\CodeIgniter.php(507): CodeIgniter\CodeIgniter->runController(Object(App\Controllers\Compras))
 8 SYSTEMPATH\CodeIgniter.php(354): CodeIgniter\CodeIgniter->handleRequest(null, Object(Config\Cache), false)
 9 SYSTEMPATH\Boot.php(334): CodeIgniter\CodeIgniter->run()
10 SYSTEMPATH\Boot.php(67): CodeIgniter\Boot::runCodeIgniter(Object(CodeIgniter\CodeIgniter))
11 FCPATH\index.php(56): CodeIgniter\Boot::bootWeb(Object(Config\Paths))
CRITICAL - 2025-04-27 16:20:10 --> ErrorException: Undefined variable $productos
[Method: GET, Route: compras]
in APPPATH\Views\compras.php on line 5.
 1 APPPATH\Views\compras.php(5): CodeIgniter\Debug\Exceptions->errorHandler(2, 'Undefined variable $productos', 'C:\\xampp\\htdocs\\sergioedgarv\\app\\Views\\compras.php', 5)
 2 SYSTEMPATH\View\View.php(224): include('C:\\xampp\\htdocs\\sergioedgarv\\app\\Views\\compras.php')
 3 SYSTEMPATH\View\View.php(227): CodeIgniter\View\View->CodeIgniter\View\{closure}()
 4 SYSTEMPATH\Common.php(1173): CodeIgniter\View\View->render('compras', [], true)
 5 APPPATH\Controllers\Compras.php(7): view('compras')
 6 SYSTEMPATH\CodeIgniter.php(933): App\Controllers\Compras->index()
 7 SYSTEMPATH\CodeIgniter.php(507): CodeIgniter\CodeIgniter->runController(Object(App\Controllers\Compras))
 8 SYSTEMPATH\CodeIgniter.php(354): CodeIgniter\CodeIgniter->handleRequest(null, Object(Config\Cache), false)
 9 SYSTEMPATH\Boot.php(334): CodeIgniter\CodeIgniter->run()
10 SYSTEMPATH\Boot.php(67): CodeIgniter\Boot::runCodeIgniter(Object(CodeIgniter\CodeIgniter))
11 FCPATH\index.php(56): CodeIgniter\Boot::bootWeb(Object(Config\Paths))
